

Version:	3.8
CmdLine:	C:\Users\HP\Downloads\libraryMS\library.exe --l4j-debug
WOW64:		yes
Working dir:	C:\Users\HP\Downloads\libraryMS\.
Bundled JRE:	C:\Program Files\Java\jre1.8.0_421
Check launcher:	C:\Program Files\Java\jre1.8.0_421\bin\javaw.exe (OK)
Launcher:	C:\Program Files\Java\jre1.8.0_421\bin\javaw.exe
Launcher args:	-jar "C:\Users\HP\Downloads\libraryMS\library.exe"
Args length:	50/32768 chars
Exit code:	0


Version:	3.8
CmdLine:	C:\Users\HP\Downloads\libraryMS\library.exe --l4j-debug
WOW64:		yes
Working dir:	C:\Users\HP\Downloads\libraryMS\.
Bundled JRE:	C:\Program Files\Java\jdk-22
Check launcher:	C:\Program Files\Java\jdk-22\bin\javaw.exe (OK)
Launcher:	C:\Program Files\Java\jdk-22\bin\javaw.exe
Launcher args:	-jar "C:\Users\HP\Downloads\libraryMS\library.exe"
Args length:	50/32768 chars
Exit code:	0


Version:	3.8
CmdLine:	C:\Users\HP\Downloads\libraryMS\library.exe --l4j-debug
WOW64:		yes
Working dir:	C:\Users\HP\Downloads\libraryMS\.
Bundled JRE:	C:\Program Files\Java\jdk-22
Check launcher:	C:\Program Files\Java\jdk-22\bin\javaw.exe (OK)
Launcher:	C:\Program Files\Java\jdk-22\bin\javaw.exe
Launcher args:	-jar "C:\Users\HP\Downloads\libraryMS\library.exe"
Args length:	50/32768 chars
Exit code:	0


Version:	3.8
CmdLine:	C:\Users\HP\Downloads\libraryMS\library.exe --l4j-debug
WOW64:		yes
Working dir:	C:\Users\HP\Downloads\libraryMS\.
Bundled JRE:	C:\Program Files\OpenLogic\jre-21.0.4.7-hotspot
Check launcher:	C:\Program Files\OpenLogic\jre-21.0.4.7-hotspot\bin\javaw.exe (OK)
Launcher:	C:\Program Files\OpenLogic\jre-21.0.4.7-hotspot\bin\javaw.exe
Launcher args:	-jar "C:\Users\HP\Downloads\libraryMS\library.exe"
Args length:	50/32768 chars
Exit code:	0


Version:	3.8
CmdLine:	C:\Users\HP\Downloads\libraryMS\library.exe --l4j-debug
WOW64:		yes
Working dir:	C:\Users\HP\Downloads\libraryMS\.
Bundled JRE:	C:\Program Files\OpenLogic\jre-21.0.4.7-hotspot
Check launcher:	C:\Program Files\OpenLogic\jre-21.0.4.7-hotspot\bin\javaw.exe (OK)
Launcher:	C:\Program Files\OpenLogic\jre-21.0.4.7-hotspot\bin\javaw.exe
Launcher args:	-jar "C:\Users\HP\Downloads\libraryMS\library.exe"
Args length:	50/32768 chars
Exit code:	0


Version:	3.8
CmdLine:	C:\Users\HP\Downloads\libraryMS\library.exe --l4j-debug
WOW64:		yes
Working dir:	C:\Users\HP\Downloads\libraryMS\.
Bundled JRE:	C:\Program Files\OpenLogic\jre-21.0.4.7-hotspot
Check launcher:	C:\Program Files\OpenLogic\jre-21.0.4.7-hotspot\bin\javaw.exe (OK)
Launcher:	C:\Program Files\OpenLogic\jre-21.0.4.7-hotspot\bin\javaw.exe
Launcher args:	-jar "C:\Users\HP\Downloads\libraryMS\library.exe"
Args length:	50/32768 chars
Exit code:	0
